TN:
SF:/home/fortunem/Projects/s21_Tetris/src/brick_game/tetris/s21_tet_init.c
FN:3,createGame
FNDA:8,createGame
FN:13,restartGame
FNDA:0,restartGame
FN:19,createField
FNDA:8,createField
FN:32,createNext
FNDA:8,createNext
FN:41,createFigure
FNDA:8,createFigure
FN:55,createTempFigure
FNDA:1,createTempFigure
FN:65,freeTempFugire
FNDA:1,freeTempFugire
FN:72,freeGame
FNDA:8,freeGame
FN:109,scoreReader
FNDA:9,scoreReader
FN:120,initActions
FNDA:5,initActions
DA:3,8
DA:4,8
DA:5,8
DA:6,8
DA:7,8
DA:8,8
DA:9,8
DA:10,8
DA:13,0
DA:14,0
DA:15,0
DA:16,0
DA:19,8
DA:20,8
DA:21,168
DA:22,160
DA:24,168
DA:25,1760
DA:26,1600
DA:29,8
DA:32,8
DA:33,8
DA:34,40
DA:35,32
DA:37,8
DA:38,8
DA:41,8
DA:42,8
DA:43,40
DA:44,32
DA:46,40
DA:47,160
DA:48,128
DA:51,8
DA:52,8
DA:55,1
DA:56,1
DA:58,5
DA:59,4
DA:62,1
DA:65,1
DA:66,5
DA:67,4
DA:69,1
DA:70,1
DA:72,8
DA:73,8
DA:74,8
DA:75,88
DA:76,80
DA:77,80
DA:79,8
DA:81,8
DA:82,40
DA:83,32
DA:84,32
DA:86,8
DA:88,8
DA:89,40
DA:90,32
DA:91,32
DA:93,8
DA:95,8
DA:96,8
DA:97,8
DA:98,8
DA:99,8
DA:100,8
DA:101,8
DA:102,8
DA:103,8
DA:104,8
DA:105,8
DA:107,8
DA:109,9
DA:110,9
DA:112,9
DA:114,9
DA:115,9
DA:116,9
DA:118,9
DA:120,5
DA:121,5
DA:122,1
DA:123,4
DA:124,1
DA:125,3
DA:126,1
DA:127,2
DA:128,1
DA:129,1
DA:130,1
DA:131,1
DA:132,0
DA:133,1
DA:134,0
DA:136,0
DA:137,0
DA:138,0
DA:139,0
DA:140,0
DA:141,0
DA:142,5
end_of_record
TN:
SF:/home/fortunem/Projects/s21_Tetris/src/brick_game/tetris/s21_tet_logic.c
FN:4,fromNextToFigure
FNDA:8,fromNextToFigure
FN:12,dropNewFigure
FNDA:8,dropNewFigure
FN:20,scoreChecker
FNDA:0,scoreChecker
FN:33,dropFigure
FNDA:1,dropFigure
FN:42,deleteFigure
FNDA:0,deleteFigure
FN:51,plantFigure
FNDA:0,plantFigure
FN:61,moveFigureDown
FNDA:0,moveFigureDown
FN:65,moveFigureUp
FNDA:0,moveFigureUp
FN:69,moveFigureRight
FNDA:0,moveFigureRight
FN:73,moveFigureLeft
FNDA:0,moveFigureLeft
FN:77,rotateFigure
FNDA:0,rotateFigure
FN:97,collisionTet
FNDA:0,collisionTet
FN:115,countScore
FNDA:0,countScore
FN:132,dropLine
FNDA:0,dropLine
FN:145,checkLine
FNDA:0,checkLine
FN:155,eraseLinesTet
FNDA:0,eraseLinesTet
FN:168,levelProcessing
FNDA:0,levelProcessing
FN:176,updateCurrentState
FNDA:0,updateCurrentState
DA:4,8
DA:5,40
DA:6,160
DA:7,128
DA:10,8
DA:12,8
DA:13,8
DA:14,8
DA:15,8
DA:16,8
DA:17,8
DA:20,0
DA:21,0
DA:22,0
DA:23,0
DA:25,0
DA:26,0
DA:29,0
DA:33,1
DA:34,5
DA:35,20
DA:36,16
DA:37,4
DA:40,1
DA:42,0
DA:43,0
DA:44,0
DA:45,0
DA:46,0
DA:49,0
DA:51,0
DA:52,0
DA:53,0
DA:54,0
DA:55,0
DA:58,0
DA:61,0
DA:62,0
DA:63,0
DA:65,0
DA:66,0
DA:67,0
DA:69,0
DA:70,0
DA:71,0
DA:73,0
DA:74,0
DA:75,0
DA:77,0
DA:78,0
DA:80,0
DA:81,0
DA:82,0
DA:86,0
DA:87,0
DA:88,0
DA:91,0
DA:92,0
DA:97,0
DA:98,0
DA:99,0
DA:100,0
DA:101,0
DA:102,0
DA:103,0
DA:104,0
DA:105,0
DA:106,0
DA:107,0
DA:111,0
DA:112,0
DA:115,0
DA:116,0
DA:117,0
DA:118,0
DA:120,0
DA:121,0
DA:123,0
DA:124,0
DA:126,0
DA:127,0
DA:129,0
DA:132,0
DA:133,0
DA:134,0
DA:135,0
DA:137,0
DA:138,0
DA:139,0
DA:143,0
DA:145,0
DA:146,0
DA:147,0
DA:148,0
DA:149,0
DA:152,0
DA:155,0
DA:156,0
DA:157,0
DA:158,0
DA:159,0
DA:160,0
DA:161,0
DA:164,0
DA:165,0
DA:168,0
DA:170,0
DA:171,0
DA:172,0
DA:174,0
DA:176,0
DA:177,0
DA:178,0
DA:179,0
DA:180,0
DA:181,0
DA:182,0
DA:183,0
DA:184,0
DA:185,0
DA:186,0
DA:187,0
DA:190,0
DA:193,0
DA:194,0
DA:195,0
DA:196,0
DA:198,0
DA:199,0
DA:200,0
DA:201,0
DA:203,0
DA:204,0
DA:205,0
DA:206,0
DA:207,0
DA:211,0
DA:213,0
DA:214,0
DA:215,0
DA:217,0
DA:218,0
DA:221,0
DA:222,0
DA:223,0
end_of_record
TN:
SF:/home/fortunem/Projects/s21_Tetris/src/brick_game/tetris/s21_tet_figure.c
FN:3,chooseNext
FNDA:17,chooseNext
FN:14,chooseO
FNDA:0,chooseO
FN:27,chooseI
FNDA:0,chooseI
FN:40,chooseL
FNDA:8,chooseL
FN:53,chooseJ
FNDA:1,chooseJ
FN:66,chooseS
FNDA:0,chooseS
FN:79,chooseZ
FNDA:8,chooseZ
FN:92,chooseT
FNDA:0,chooseT
DA:3,17
DA:4,17
DA:5,17
DA:6,17
DA:7,17
DA:8,9
DA:9,8
DA:10,8
DA:11,0
DA:12,17
DA:14,0
DA:15,0
DA:20,0
DA:21,0
DA:22,0
DA:25,0
DA:27,0
DA:28,0
DA:33,0
DA:34,0
DA:35,0
DA:38,0
DA:40,8
DA:41,8
DA:46,40
DA:47,160
DA:48,128
DA:51,8
DA:53,1
DA:54,1
DA:59,5
DA:60,20
DA:61,16
DA:64,1
DA:66,0
DA:67,0
DA:72,0
DA:73,0
DA:74,0
DA:77,0
DA:79,8
DA:80,8
DA:85,40
DA:86,160
DA:87,128
DA:90,8
DA:92,0
DA:93,0
DA:98,0
DA:99,0
DA:100,0
DA:103,0
end_of_record
TN:
SF:/home/fortunem/Projects/s21_Tetris/src/tests/s21_tet_test.c
FN:6,test_createGame_fn
FNDA:1,test_createGame_fn
FN:13,test_createField_fn
FNDA:1,test_createField_fn
FN:22,test_createNext_fn
FNDA:1,test_createNext_fn
FN:31,test_createFigure_fn
FNDA:1,test_createFigure_fn
FN:41,test_chooseNext_fn
FNDA:1,test_chooseNext_fn
FN:56,test_dropFigure_fn
FNDA:1,test_dropFigure_fn
FN:70,test_initActions_fn
FNDA:1,test_initActions_fn
FN:85,test_scoreReader_fn
FNDA:1,test_scoreReader_fn
FN:98,test_createTempFigure_fn
FNDA:1,test_createTempFigure_fn
FN:109,tetris_suite
FNDA:10,tetris_suite
FN:136,main
FNDA:10,main
DA:6,1
DA:7,1
DA:8,1
DA:9,1
DA:10,1
DA:13,1
DA:14,1
DA:15,1
DA:16,21
DA:17,20
DA:19,1
DA:20,1
DA:22,1
DA:23,1
DA:24,1
DA:25,5
DA:26,4
DA:28,1
DA:29,1
DA:31,1
DA:32,1
DA:33,1
DA:34,5
DA:35,4
DA:37,1
DA:38,1
DA:41,1
DA:42,1
DA:43,1
DA:44,1
DA:45,5
DA:46,20
DA:47,16
DA:48,4
DA:51,1
DA:52,1
DA:53,1
DA:56,1
DA:57,1
DA:58,1
DA:59,1
DA:60,5
DA:61,20
DA:62,16
DA:63,4
DA:66,1
DA:67,1
DA:68,1
DA:70,1
DA:71,1
DA:72,1
DA:73,1
DA:74,1
DA:75,1
DA:76,1
DA:77,1
DA:78,1
DA:79,1
DA:80,1
DA:81,1
DA:82,1
DA:83,1
DA:85,1
DA:86,1
DA:87,1
DA:88,1
DA:89,1
DA:90,1
DA:92,1
DA:93,1
DA:94,1
DA:98,1
DA:99,1
DA:101,1
DA:102,5
DA:103,4
DA:105,1
DA:106,1
DA:109,10
DA:114,10
DA:117,10
DA:119,10
DA:120,10
DA:121,10
DA:122,10
DA:123,10
DA:125,10
DA:126,10
DA:127,10
DA:128,10
DA:130,10
DA:132,10
DA:136,10
DA:142,10
DA:143,10
DA:145,10
DA:146,1
DA:147,1
DA:149,1
end_of_record
